<?xml version="1.0" encoding="UTF-8"?>
<testsuite xmlns:xsi="http://www.w3.org/2001/XMLSchema-instance" xsi:noNamespaceSchemaLocation="https://maven.apache.org/surefire/maven-surefire-plugin/xsd/surefire-test-report-3.0.xsd" version="3.0" name="com.beanshogi.core.GameLogicTest" time="0.102" tests="15" errors="0" skipped="0" failures="0">
  <properties>
[...]
</properties>
  <testcase name="testBishopMoves" classname="com.beanshogi.core.GameLogicTest" time="0.002"/>
  <testcase name="testKingInCheck" classname="com.beanshogi.core.GameLogicTest" time="0.004"/>
  <testcase name="testCheckAvoid" classname="com.beanshogi.core.GameLogicTest" time="0.004"/>
  <testcase name="testCheckBlock" classname="com.beanshogi.core.GameLogicTest" time="0.01"/>
  <testcase name="testKingCannotMoveIntoCheck" classname="com.beanshogi.core.GameLogicTest" time="0.002"/>
  <testcase name="testBoardOperations" classname="com.beanshogi.core.GameLogicTest" time="0.002"/>
  <testcase name="testRookMoves" classname="com.beanshogi.core.GameLogicTest" time="0.003"/>
  <testcase name="testPieceCapture" classname="com.beanshogi.core.GameLogicTest" time="0.003"/>
  <testcase name="testKnightMoves" classname="com.beanshogi.core.GameLogicTest" time="0.002"/>
  <testcase name="testPromotion" classname="com.beanshogi.core.GameLogicTest" time="0.007"/>
  <testcase name="testEndGameCheckmate" classname="com.beanshogi.core.GameLogicTest" time="0.001"/>
  <testcase name="testHandGrid" classname="com.beanshogi.core.GameLogicTest" time="0.002"/>
  <testcase name="testCheckmate" classname="com.beanshogi.core.GameLogicTest" time="0.003"/>
  <testcase name="testLegalMovesPawn" classname="com.beanshogi.core.GameLogicTest" time="0.002"/>
  <testcase name="testUchifuzume" classname="com.beanshogi.core.GameLogicTest" time="0.013"/>
</testsuite>